C51 COMPILER V9.05   AIVR8511                                                              02/21/2022 13:11:14 PAGE 1   


C51 COMPILER V9.05, COMPILATION OF MODULE AIVR8511
OBJECT MODULE PLACED IN aIVR8511.OBJ
COMPILER INVOKED BY: C:\Keil\C51\BIN\C51.EXE aIVR8511.c LARGE ROM(COMPACT) BROWSE DEBUG OBJECTEXTEND TABS(2)

line level    source

   1           #include "Global.h"
   2          #include <stdio.h>
   3          
   4          #define tack_wav  1
   5          #define tack_wav1 2
   6          #define Ext_Mode  3
   7          #define Ext_Mode_Wave 4
   8          
   9          
  10          uchr Voice_Addr,Voice_Rtn_Step;
  11          uchr Voice_Cmd_Step,Voice_Command,_Level_Set,Voice_Addr_Back;
  12          
  13          //void Voice_F_Rtn(uchr a)
  14          //{
  15          //      Voice_Addr=a;
  16          //  Voice_Addr=tack_wav1  ;     
  17          //  
  18          //  Voice_Rtn_Step=0; 
  19          //  pVoice_Clk=1;
  20          //  pVoice_Data=0;
  21          //  pVoice_Cs=1;
  22          //} 
  23          
  24          void Voice_Mode_Rtn(void)
  25          { 
  26   1        if(!pBusy&&Voice_Rtn_Step==0&&!Voice_Addr)
  27   1        {
  28   2          if(Voice_Rtn_Step==0)
  29   2          {
  30   3            pVoice_Clk=1;
  31   3            pVoice_Data=0;
  32   3            pVoice_Cs=1;
  33   3          }
  34   2        } 
  35   1      }
  36          /****************************************************************************
  37            1. output a 10 bit command serially to the voice pcb.
  38               spec for 10 command as follows
  39                  command      bit9  8  7  6  5  4  3  2  1  0
  40               ------------    ----  -  -  -  -  -  -  -  -  -
  41               Stop_command :     0  1  x  x  x  x  x  x  x  x     (x= don't care)
  42               Play_command :     1  0 d7 d6 d5 d4 d3 d2 d1 d0     (d7-1 = address)
  43               Volume control :   1  1  0  0  0  0  0 d2 d1 d0     (d2-0: 001=v_level 1, 010="2, 011="3, 100="4)
  44            2. set LEDs = voice address
  45          */
  46          
  47          
  48          //---------------------------------------------------------------------------
  49          // send 16 bits SPI command serially from bit15 to bit0.
  50          
  51          void delay_us(unsigned int a)
  52          {
  53   1          pPower_On^=1;
  54   1          while(a--);
  55   1       }
C51 COMPILER V9.05   AIVR8511                                                              02/21/2022 13:11:14 PAGE 2   

  56           
  57          
  58          
  59          
  60          void send_a_spi_word(uint a)
  61          {   int i = 0;
  62   1      
  63   1        //  MCU_BUSY_PIN = H;                 //turn_on MCU_BUSY_LED
  64   1      
  65   1          pVoice_Cs = 1;                       //stand-by status,
  66   1          delay_us(500);
  67   1          pVoice_Clk = 0;                      //stand-by status,
  68   1          delay_us(500);
  69   1          pVoice_Cs = 0;
  70   1          while(i < 16)
  71   1          {   pVoice_Clk = 0;
  72   2              delay_us(500);
  73   2              if(a&0x8000)      pVoice_Data = 1;
  74   2              else pVoice_Data = 0;
  75   2              a *= 2;                 //shift left
  76   2              delay_us(500);
  77   2              pVoice_Clk = 1;
  78   2               delay_us(500);
  79   2              i++;
  80   2          }
  81   1          pVoice_Clk = 0;                      //added by Jimmy            22/05/2015
  82   1          delay_us(500);
  83   1          pVoice_Data = 0;                      //for test only
  84   1          delay_us(500);
  85   1          pVoice_Cs = 1;                       //stand-by status
  86   1          //MCU_BUSY_PIN = L;                 //turn_off MCU_BUSY_LED
  87   1      }
  88          
  89          
  90          /****************************************************************************
  91                                     Reset the Voice IC
  92           ***************************************************************************/
  93          void reset_voice_ic(void)
  94          {
  95   1              pVoice_Reset = 1;                  //reset the voice IC
  96   1              pVoice_Reset = 0;
  97   1              
  98   1      }
  99          
 100          
 101          void play_a_voice(uchr a)
 102          {
 103   1          uint Command;
 104   1          if(Voice_Stop==1&&Sec_Fuction_Time1==0)
 105   1          {
 106   2            if(a!=18&&a!=10&&a!=6)
 107   2            return;
 108   2          }   
 109   1          
 110   1          Command=0x9800 +a;
 111   1                             //play command
 112   1          send_a_spi_word(Command);
 113   1          delay_us(500);                      //min. delay time before busy_high = ~1/Fs
 114   1      }
 115          
 116          
 117          
C51 COMPILER V9.05   AIVR8511                                                              02/21/2022 13:11:14 PAGE 3   

 118          
 119            
 120          //void ddddddd_rn(void)
 121          //{
 122          //  Voice_F_Rtn(1);
 123          //  Voice_Mode_Rtn();
 124          //  reset_voice_ic();
 125          //  play_a_voice(1);
 126          //} 


MODULE INFORMATION:   STATIC OVERLAYABLE
   CODE SIZE        =    168    ----
   CONSTANT SIZE    =   ----    ----
   XDATA SIZE       =      6    ----
   PDATA SIZE       =   ----    ----
   DATA SIZE        =   ----    ----
   IDATA SIZE       =   ----    ----
   BIT SIZE         =   ----    ----
END OF MODULE INFORMATION.


C51 COMPILATION COMPLETE.  0 WARNING(S),  0 ERROR(S)
