C51 COMPILER V9.05   DISPLAY                                                               02/21/2022 13:11:14 PAGE 1   


C51 COMPILER V9.05, COMPILATION OF MODULE DISPLAY
OBJECT MODULE PLACED IN Display.OBJ
COMPILER INVOKED BY: C:\Keil\C51\BIN\C51.EXE Display.c LARGE ROM(COMPACT) BROWSE DEBUG OBJECTEXTEND TABS(2)

line level    source

   1          #include  "Global.h"                      
   2          
   3          
   4          
   5          void S_Step_Up_Rtn(void)
   6          {
   7   1        S_Step++;
   8   1        Step_Sys_Time_Cnt=0;
   9   1      }
  10          
  11          
  12          void Proc_Rtn(void)//0.1S
  13          {
  14   1        Step_Sys_Time_Cnt++;
  15   1        if(Mode==70)return;
  16   1        if(Fan_Mode==0)
  17   1        {
  18   2          //Fan_Frag=0;//////////////////////////활성화하면 mode1로넘어갈때 팬꺼짐
  19   2          if(S_StepF==0)
  20   2          {
  21   3            Key_Bit=1;
  22   3            //play_a_voice(13);
  23   3            pFan_En=0;
  24   3            pFan_Off=0;
  25   3            pFAN_1=0;
  26   3            pFAN_2=1;
  27   3            pFan_Led_1=0;
  28   3            pFan_Led_2=0;
  29   3            if(Voice_Stop)//무음일때
  30   3            {
  31   4              play_a_voice(18);
  32   4            }
  33   3            else if(!Voice_Stop)//무음 아닐때 
  34   3            {
  35   4              play_a_voice(13);//PASS
  36   4            } 
  37   3            S_StepF++;Step_Sys_Time_Cnt=0;
  38   3          }
  39   2          else if(S_StepF==1&&Step_Sys_Time_Cnt>=3)
  40   2          {
  41   3            pFan_En=0;
  42   3            pFan_Off=0;
  43   3            pFAN_1=0;
  44   3            pFAN_2=1;
  45   3            pFan_Led_1=0;
  46   3            pFan_Led_2=0;
  47   3            Key_Bit=0;
  48   3          }   
  49   2        }
  50   1        else if(Fan_Mode==1)
  51   1        {
  52   2        //  Fan_Frag=1;
  53   2          if(S_StepF==0)
  54   2          {
  55   3            Key_Bit=1;
C51 COMPILER V9.05   DISPLAY                                                               02/21/2022 13:11:14 PAGE 2   

  56   3            //play_a_voice(1);
  57   3            if(Voice_Stop)//무음일때
  58   3            {
  59   4              play_a_voice(18);
  60   4            }
  61   3            else if(!Voice_Stop)//무음 아닐때 
  62   3            {
  63   4              play_a_voice(1);//PASS
  64   4            } 
  65   3            S_StepF++;Step_Sys_Time_Cnt=0;
  66   3          }
  67   2          else if(S_StepF==1&&Step_Sys_Time_Cnt>=3)
  68   2          {
  69   3            pFan_En=1;
  70   3            pFan_Off=1;
  71   3            pFAN_1=1;
  72   3            pFAN_2=1;
  73   3            pFan_Led_1=1;
  74   3            pFan_Led_2=0;
  75   3            Key_Bit=0;
  76   3          }         
  77   2        }
  78   1        else if(Fan_Mode==2)
  79   1        {
  80   2          //Fan_Frag=2;
  81   2          if(S_StepF==0)
  82   2          { 
  83   3            Key_Bit=1;
  84   3            //play_a_voice(2);
  85   3            if(Voice_Stop)//무음일때
  86   3            {
  87   4              play_a_voice(18);
  88   4            }
  89   3            else if(!Voice_Stop)//무음 아닐때 
  90   3            {
  91   4              play_a_voice(2);//PASS
  92   4            } 
  93   3            S_StepF++;Step_Sys_Time_Cnt=0;
  94   3          } 
  95   2          else if(S_StepF==1&&Step_Sys_Time_Cnt>=3)
  96   2          {
  97   3            Key_Bit=0;
  98   3            pFan_En=0;
  99   3            pFan_Off=1;
 100   3            pFAN_1=0;
 101   3            pFAN_2=0;
 102   3            pFan_Led_1=1;
 103   3            pFan_Led_2=1;
 104   3          } 
 105   2          
 106   2        }
 107   1        else Step_Sys_Time_Cnt=0;
 108   1          
 109   1            
 110   1        if(Mode==58)  //음성모드
 111   1        {
 112   2          if(S_Step==0)
 113   2          {
 114   3            //play_a_voice(6);
 115   3            S_Step_Up_Rtn();
 116   3          }
 117   2          else if(S_Step==1)//&&Step_Sys_Time_Cnt>=10)
C51 COMPILER V9.05   DISPLAY                                                               02/21/2022 13:11:14 PAGE 3   

 118   2          {
 119   3            play_a_voice(11);//PASS
 120   3            S_Step_Up_Rtn();
 121   3          }
 122   2          else if(S_Step==2&&Step_Sys_Time_Cnt>=10)
 123   2          {
 124   3            Mode=1;S_Step=0;
 125   3          }   
 126   2        } 
 127   1        else if(Mode==59) //무음모드
 128   1        {
 129   2          if(S_Step==0)
 130   2          {
 131   3            //play_a_voice(6);
 132   3            S_Step_Up_Rtn();
 133   3          }
 134   2          else if(S_Step==1)
 135   2          {
 136   3            play_a_voice(10);//PASS
 137   3            S_Step_Up_Rtn();
 138   3          }
 139   2          else if(S_Step==2&&Step_Sys_Time_Cnt>=10)
 140   2          {
 141   3            Mode=1;S_Step=0;
 142   3          }   
 143   2        } 
 144   1        else if(Mode==60) //START
 145   1        {
 146   2          if(S_Step==0)
 147   2          {
 148   3            play_a_voice(6);//PASS
 149   3            S_Step_Up_Rtn();
 150   3          }
 151   2          else if(S_Step==1&&Step_Sys_Time_Cnt>=15)
 152   2          {
 153   3            //play_a_voice(0);
 154   3            if(Voice_Stop)//무음일때
 155   3            {
 156   4              play_a_voice(18);
 157   4              S_Step=3;
 158   4            }
 159   3            else if(!Voice_Stop)//무음 아닐때 
 160   3            {
 161   4              play_a_voice(0);
 162   4              S_Step_Up_Rtn();
 163   4            } 
 164   3            //S_Step_Up_Rtn();
 165   3           }  
 166   2          else if(S_Step==2&&Step_Sys_Time_Cnt>=45)//70)
 167   2          {
 168   3            Wink_1_Reg=0;
 169   3            Mode=1;
 170   3          } 
 171   2          else if(S_Step==3&&Step_Sys_Time_Cnt>=30)
 172   2          {
 173   3            Wink_1_Reg=0;
 174   3            Mode=1;
 175   3          } 
 176   2          
 177   2        }
 178   1        else if(Mode==1)  
 179   1        {
C51 COMPILER V9.05   DISPLAY                                                               02/21/2022 13:11:14 PAGE 4   

 180   2          //Start_Time++;
 181   2          if(++Start_Time>=20)
 182   2          {
 183   3            if(_Wink_1)
 184   3            {
 185   4              pPower_Led=1;
 186   4            }
 187   3            else
 188   3            {
 189   4              pPower_Led=0;
 190   4            }
 191   3          }
 192   2          //Wink_1_Reg=0;
 193   2          //pFan_En=0;  
 194   2          //pFan_Off=0; 
 195   2          //pFAN_1=0;   
 196   2          //pFAN_2=1; 
 197   2          pLed_En=0;
 198   2          if(++Voice_Time>60)
 199   2          {
 200   3            Voice_cnt++;  
 201   3            if(Voice_cnt<3)
 202   3            {
 203   4              //play_a_voice(4);
 204   4              if(Voice_Stop)//무음일때
 205   4              {
 206   5                play_a_voice(18);
 207   5              }
 208   4              else if(!Voice_Stop)//무음 아닐때 
 209   4              {
 210   5                play_a_voice(4);
 211   5              } 
 212   4              Voice_Time=0;
 213   4            }
 214   3          }   
 215   2        }
 216   1        
 217   1        else if(Mode==2)  
 218   1        {
 219   2          Voice_Time=0;
 220   2          
 221   2          pPower_Led=1;
 222   2          if(S_Step==0)
 223   2          {
 224   3            Key_Bit=1;
 225   3            //pLed_En=1;
 226   3            //play_a_voice(8);
 227   3            if(Voice_Stop)//무음일때
 228   3            {
 229   4              play_a_voice(18);
 230   4            }
 231   3            else if(!Voice_Stop)//무음 아닐때 
 232   3            {
 233   4              play_a_voice(8);
 234   4            } 
 235   3            S_Step_Up_Rtn(); 
 236   3            //Fan_Frag=1;
 237   3          }
 238   2          else if(S_Step==1&&Step_Sys_Time_Cnt>=15)
 239   2          {
 240   3            Key_Bit=0;
 241   3            pLed_En=1;
C51 COMPILER V9.05   DISPLAY                                                               02/21/2022 13:11:14 PAGE 5   

 242   3             pPower_Led=1;
 243   3            // S_Step_Up_Rtn(); 
 244   3            } 
 245   2          // else if(S_Step==2&&Step_Sys_Time_Cnt>=10)
 246   2          // {
 247   2          //  if(Fan_Frag==1)
 248   2          //  {
 249   2          //      Fan_Mode=1;
 250   2          //      pFan_En=1;  
 251   2          //    pFan_Off=1; 
 252   2          //    pFAN_1=1;   
 253   2          //    pFAN_2=1;   
 254   2          //    }
 255   2          //    else if(Fan_Frag==2)
 256   2          //    {
 257   2          //      Fan_Mode=2;
 258   2          //      pFan_En=0;  
 259   2          //    pFan_Off=1; 
 260   2          //    pFAN_1=0;   
 261   2          //    pFAN_2=0;             
 262   2          //    }   
 263   2          //    else if(Fan_Frag==0)
 264   2          //    {
 265   2          //      Fan_Mode=0;
 266   2          //      pFan_En=0;  
 267   2          //    pFan_Off=0; 
 268   2          //    pFAN_1=0;   
 269   2          //    pFAN_2=1;             
 270   2          //    } 
 271   2          // }
 272   2          
 273   2        }   
 274   1      }


MODULE INFORMATION:   STATIC OVERLAYABLE
   CODE SIZE        =    757    ----
   CONSTANT SIZE    =   ----    ----
   XDATA SIZE       =   ----    ----
   PDATA SIZE       =   ----    ----
   DATA SIZE        =   ----    ----
   IDATA SIZE       =   ----    ----
   BIT SIZE         =   ----    ----
END OF MODULE INFORMATION.


C51 COMPILATION COMPLETE.  0 WARNING(S),  0 ERROR(S)
