C51 COMPILER V9.05   MAIN                                                                  02/21/2022 13:11:13 PAGE 1   


C51 COMPILER V9.05, COMPILATION OF MODULE MAIN
OBJECT MODULE PLACED IN main.OBJ
COMPILER INVOKED BY: C:\Keil\C51\BIN\C51.EXE main.c LARGE ROM(COMPACT) BROWSE DEBUG OBJECTEXTEND TABS(2)

line level    source

   1          //======================================================
   2          // Main program routine
   3          // - Device name  : MC96FR364C
   4          // - Package type : 28TSSOP
   5          //======================================================
   6          // For XDATA variable : V1.041.00 ~
   7          #define   MAIN  1
   8          
   9          // Generated    : Tue, Feb 15, 2022 (16:35:46)
  10           #include "Global.h"
  11          
  12          //#define Wait_Time_ON_Ini  180// 대기 시간
  13          #define Time_ON_Ini 600// 동작 시간
  14          void Dly_Rtn(uint a)
  15          {
  16   1        while(a--); 
  17   1      } 
  18          unsigned int     Command;
  19          extern uchr Rx_Buff1[32];
  20          
  21          
  22          void Ini_Set_Rtn(void)
  23          {
  24   1        // TODO: add your main code here
  25   1        Mode=60;S_Step=1;play_a_voice(6);
  26   1        SCL=0;_First_Key=1;Key_Bit=0;
  27   1        sys_Total_Time_Cnt=0;Low_Bat_Cnt=0;Off_Cnt=0;sys_Wait_Time=0;S_Time=0;S_Cnt=0;Wink_1_Reg=0;
  28   1        Fan_Mode=0;Mode_Step=0;/////////////////////////////////////////
  29   1        pFAN_1=0;
  30   1        pFAN_2=1;
  31   1        pFan_Led_1=0;pFan_Led_2=0;
  32   1        pPower_Led=1;//초기 이니셜 시 파워led켬
  33   1        pLed_En=0;pFan_En=0;Sens_F=0;pFan_Off=0;
  34   1        S_Cnt_Interval=0;S_Cnt_Interval_2=0;Mode_Interval=0;
  35   1        Step_Sys_Time_Cnt=0;Voice_Time=0;A_Time=0;
  36   1        pVoice_Reset=0;
  37   1        Voice_Addr=1;
  38   1        reset_voice_ic();
  39   1        Command=0xA800 ;
  40   1        send_a_spi_word(Command);
  41   1         //play_a_voice(6);
  42   1         S_StepF=1;End_Step=0;Start_Time=0;aaa=1; 
  43   1      } 
  44          
  45          void main()
  46          {
  47   1        cli();            // disable INT. during peripheral setting
  48   1        port_init();      // initialize ports
  49   1        clock_init();     // initialize operation clock
  50   1        BOD_init();       // initialize BOD (Brown out detector)
  51   1        ExINT_init();     // initialize external interrupt
  52   1        Timer0_init();    // initialize Timer0
  53   1        WDT_init();       // initialize Watch-dog timer
  54   1        sei();            // enable INT.
  55   1        
C51 COMPILER V9.05   MAIN                                                                  02/21/2022 13:11:13 PAGE 2   

  56   1        // TODO: add your main code here
  57   1        Ini_Set_Rtn();
  58   1        Rx_Buff1[0]=1;Rx_Buff1[1]=2;Rx_Buff1[2]=3;Rx_Buff1[3]=4;
  59   1        Sec_Fuction_Time=30;//3초이내
  60   1        Sec_Fuction_Time1=0;
  61   1        Voice_Stop=coderom[0];//1이면 무음
  62   1        //if(Voice_Stop==1)Mode=1;//무음이면 바로 진입
  63   1          while(1)
  64   1        {
  65   2          if(_1mS)
  66   2          {
  67   3            _1mS=0;
  68   3            pPower_On^=1;
  69   3          } 
  70   2          
  71   2          if(_10mS)
  72   2          {
  73   3            _10mS=0;
  74   3            if(Sec_Fuction_Time1)Sec_Fuction_Time1--;
  75   3            Key_Check_Rtn();
  76   3            Voice_Mode_Rtn();///////////////////////////////////////////
  77   3            Low_Batt();
  78   3            //Ad_Cont_Rtn();
  79   3          } 
  80   2          if(_50mS)
  81   2          {
  82   3            _50mS=0;  
  83   3          }   
  84   2          
  85   2          if(_100mS)
  86   2          {
  87   3            _100mS=0;
  88   3            if(Sec_Fuction_Time)Sec_Fuction_Time--;
  89   3            Select=1;
  90   3            SCL=1;
  91   3            //Dly_Rtn(250);
  92   3            Dly_Rtn(1000);////
  93   3            SCL=0;
  94   3            Select=0;
  95   3            Mode_Proc();
  96   3            Proc_Rtn();
  97   3            if(Mode<50)
  98   3            {
  99   4            if(Voice_cnt>2)
 100   4            {
 101   5              if(End_Step==0)
 102   5              {
 103   6                //play_a_voice(16);
 104   6                if(Voice_Stop)//무음일때
 105   6                {
 106   7                  play_a_voice(18);
 107   7                }
 108   6                else if(!Voice_Stop)//무음 아닐때 
 109   6                {
 110   7                  play_a_voice(16); 
 111   7                } 
 112   6                Key_Bit=1;
 113   6                Mode=80;
 114   6              }
 115   5            }
 116   4              if(++S_Cnt_Interval>=10)//초기화 시간
 117   4              { 
C51 COMPILER V9.05   MAIN                                                                  02/21/2022 13:11:13 PAGE 3   

 118   5                S_Cnt_Interval=0;
 119   5                if(S_Cnt>=3)
 120   5                { 
 121   6                  S_Cnt=100;
 122   6                  if(Mode!=2)
 123   6                  {
 124   7                    Mode=2;
 125   7                    Voice_cnt=0;
 126   7                    S_Step=0;
 127   7                  }
 128   6                } 
 129   5                else if(S_Cnt<3)
 130   5                {
 131   6                  if(Mode==2)
 132   6                  {
 133   7                    if(++A_Time>1)
 134   7                    {
 135   8                      A_Time=0;
 136   8                      if(S_Cnt<3)
 137   8                      {
 138   9                        Mode=1;
 139   9                        if(sys_Total_Time_Cnt>=2)
 140   9                        {                        
 141  10                          Voice_Time=57;         
 142  10                        } 
 143   9                        //if(Fan_Mode==1)
 144   9                        //{
 145   9                        //  Fan_Frag=1;
 146   9                        //}
 147   9                        //else if(Fan_Mode==2)  
 148   9                        //{
 149   9                        //  Fan_Frag=2;
 150   9                        //}
 151   9                        //else if(Fan_Mode==0)  
 152   9                        //{
 153   9                        //  Fan_Frag=0;
 154   9                        //} 
 155   9                        //if(sys_Total_Time_Cnt>=2)
 156   9                        //{
 157   9                        //  Voice_Time=50;
 158   9                        //}                        
 159   9                      }
 160   8                    }   
 161   7                  } 
 162   6                }
 163   5              S_Cnt=0;    
 164   5              }
 165   4            }
 166   3          }
 167   2          
 168   2          if(_1S)
 169   2          {
 170   3            _1S=0;
 171   3            //Proc_Rtn();
 172   3            sys_Wait_Time++;
 173   3            if(Mode==2)//10분
 174   3            {
 175   4              sys_Wait_Time=0;
 176   4              sys_Total_Time_Cnt++;
 177   4              if(sys_Total_Time_Cnt==540)
 178   4              { 
 179   5                //play_a_voice(12);//비프음후 5분남았습니다.          
C51 COMPILER V9.05   MAIN                                                                  02/21/2022 13:11:13 PAGE 4   

 180   5                if(Voice_Stop)//무음일때
 181   5                {
 182   6                  play_a_voice(18);
 183   6                }
 184   5                else if(!Voice_Stop)//무음 아닐때 
 185   5                {
 186   6                  play_a_voice(12);//PASS
 187   6                } 
 188   5              } 
 189   4              else if(sys_Total_Time_Cnt==Time_ON_Ini)
 190   4              { 
 191   5                Key_Bit=1;
 192   5                Mode=50; 
 193   5              } 
 194   4            }
 195   3          } 
 196   2        }
 197   1      }


MODULE INFORMATION:   STATIC OVERLAYABLE
   CODE SIZE        =    661    ----
   CONSTANT SIZE    =   ----    ----
   XDATA SIZE       =      2    ----
   PDATA SIZE       =   ----    ----
   DATA SIZE        =   ----    ----
   IDATA SIZE       =   ----    ----
   BIT SIZE         =   ----    ----
END OF MODULE INFORMATION.


C51 COMPILATION COMPLETE.  0 WARNING(S),  0 ERROR(S)
