C51 COMPILER V9.05   REG                                                                   02/21/2022 13:11:14 PAGE 1   


C51 COMPILER V9.05, COMPILATION OF MODULE REG
OBJECT MODULE PLACED IN Reg.OBJ
COMPILER INVOKED BY: C:\Keil\C51\BIN\C51.EXE Reg.c LARGE ROM(COMPACT) BROWSE DEBUG OBJECTEXTEND TABS(2)

line level    source

   1          
   2          #include  "Global.h"
   3          
   4          SFR Flag0;
   5          TYPE1 User3_Bit_Reg;
   6          uchr Mode,Mode_Step,Fan_Mode,Ad_Cnt,Off_Cnt,Wink_Reg,S_Time,Buzzer_Cnt,S_Step,S_StepF,End_Step,Wink_1_Reg;
   7          uint Key_Reg,Touch_On,sys_Total_Time_Cnt,sys_Wait_Time,_Wait,Sys_Time_Cnt,Sys_Err,Low_Bat_Cnt,pSensor_In_c
             -nt,S_Cnt,Step_Sys_Time_Cnt,Voice_Time,A_Time,Select;
   8          uchr Fan_Frag,aaa;
   9          uchr S_Cnt_Interval,S_Cnt_Interval_2,Sens_F,Voice_cnt,Mode_Interval,Sec_Fuction_Time,Voice_Stop,Sec_Fuctio
             -n_Time1,Start_Time,Sensor_time;
  10          uint imsi_Int; 


MODULE INFORMATION:   STATIC OVERLAYABLE
   CODE SIZE        =   ----    ----
   CONSTANT SIZE    =   ----    ----
   XDATA SIZE       =     56    ----
   PDATA SIZE       =   ----    ----
   DATA SIZE        =   ----    ----
   IDATA SIZE       =   ----    ----
   BIT SIZE         =   ----    ----
END OF MODULE INFORMATION.


C51 COMPILATION COMPLETE.  0 WARNING(S),  0 ERROR(S)
